        production .                  <e>    1.000000
  notable production                    .    1.000000
        most notable           production    1.000000
            the most              notable    1.000000
             was the                 most    1.000000
        Perthensis _                  was    1.000000
Encyclopædia Perthensis                    _    1.000000
           which the                    _    1.000000
    printing presses                    ,    1.000000
              by her             printing    1.000000
                , by                  her    1.000000
               way ,                   by    1.000000
          modest way                    ,    1.000000
                , in                    a    1.000000
             known ,                   in    1.000000
             trade ,                  and    1.000000
             well as                trade    1.000000
             as well                   as    1.000000
          letters as                 well    1.000000
         and letters                   as    1.000000
          in England                    ,    1.000000
          Norwich in              England    1.000000
       reputation as              Norwich    1.000000
           some such           reputation    1.000000
        Georgian age                  she    1.000000
              <s> In                  the    1.000000
          progress .                  <e>    1.000000
        and progress                    .    1.000000
            vote for           prosperity    1.000000
         centuries ,                 cast    1.000000
       for centuries                    ,    1.000000
             her for            centuries    1.000000
       been familiar                   to    1.000000
         whose names                 have    1.000000
        lairds whose                names    1.000000
              <e> In                  the    1.000000
            the Tory               lairds    1.000000
            with the                 Tory    1.000000
        keep friends                 with    1.000000
             to keep              friends    1.000000
          willing to                 keep    1.000000
             , while              willing    1.000000
              City ,                while    1.000000
           Fair City                    ,    1.000000
            The Fair                 City    1.000000
         curiosity .                  <e>    1.000000
   staring curiosity                    .    1.000000
                , of                which    1.000000
             York or         Philadelphia    1.000000
     such reputation                   as    1.000000
            New York                   or    1.000000
              in New                 York    1.000000
               , who                   in    1.000000
           America ,                  who    1.000000
         familiar to                  her    1.000000
          of America                    ,    1.000000
             city of              America    1.000000
        and becoming                known    1.000000
         border city                   of    1.000000
            a border                 city    1.000000
          warrior in                    a    1.000000
     suspiciously as                  the    1.000000
               on as         suspiciously    1.000000
           looked on                   as    1.000000
            was here               looked    1.000000
        sentiments ,                  was    1.000000
 his unbusiness-like           sentiments    1.000000
     or Philadelphia                would    1.000000
         weapons and                  his    1.000000
          Red Indian              warrior    1.000000
     uncanny weapons                  and    1.000000
         here looked                   on    1.000000
         his uncanny              weapons    1.000000
           presses ,                   of    1.000000
            with his              uncanny    1.000000
        the Georgian                  age    1.000000
             trade .                  <e>    1.000000
          as Norwich                   in    1.000000
           They more               warmly    1.000000
           for trade                    .    1.000000
            good for                trade    1.000000
            was good                  for    1.000000
            that was                 good    1.000000
  orderly settlement                 that    1.000000
              2016 [                EBook    1.000000
    representing the              orderly    1.000000
     as representing                  the    1.000000
      prosperity and             progress    1.000000
             MFR and                  the    1.000000
                16 ,                 2016    1.000000
                , as         representing    1.000000
            the Duke                   of    1.000000
          marched on                    ,    1.000000
     warmly received                  the    1.000000
      Indian warrior                   in    1.000000
              ( This                 file    1.000000
            <s> They                 more    1.000000
               him .                  <e>    1.000000
             and his      unbusiness-like    1.000000
               . <e>                   In    0.200000
               . <e>                  The    0.400000
               . <e>                 They    0.200000
               . <e>               Prince    0.200000
             did not                   go    1.000000
        their hearts                  did    1.000000
         through the               winter    1.000000
       Highlandman ,                 with    1.000000
           seen that                their    1.000000
           England ,          cultivating    1.000000
               , was                 here    1.000000
             Perth a               centre    1.000000
             be seen                 that    1.000000
   PROJECT GUTENBERG                EBOOK    1.000000
        burghers let                   it    1.000000
      douce burghers                  let    1.000000
             go with                  him    1.000000
           the douce             burghers    1.000000
              he had              marched    1.000000
              days ;                  but    1.000000
      for prosperity                  and    1.000000
              as the                  Red    1.000000
            few days                    ;    1.000000
               for a                  few    1.000000
       <s> Character                  set    1.000000
               , the                douce    1.000000
           Perth for                    a    1.000000
at http://www.pgdp.net                    (    1.000000
        received the                 Duke    1.000000
           Archive )                  <e>    1.000000
            at Perth                  for    1.000000
       appearance at                Perth    1.000000
  dashing appearance                   at    1.000000
        more dashing           appearance    1.000000
      Prince Charlie                 made    1.000000
    freezing-point .                  <e>    1.000000
            than its                  own    1.000000
             in time                   to    1.000000
         already too                 near    1.000000
      becoming known                    ,    1.000000
           , already                  too    1.000000
unbusiness-like sentiments                    ,    1.000000
       his partisans                    ,    1.000000
                in a               modest    0.500000
                in a               border    0.500000
           chill the              spirits    1.000000
               _ was                  the    1.000000
            force at             Stirling    1.000000
            to chill                  the    1.000000
        set encoding                    :    1.000000
     settlement that                  was    1.000000
           have been             familiar    1.000000
               a few                 days    1.000000
          that their               hearts    1.000000
             time to                chill    1.000000
         the orderly           settlement    1.000000
          Stirling ;                  and    1.000000
            <e> They                 more    1.000000
       reached Scone                   in    1.000000
          <s> Prince              Charlie    1.000000
              to her                  for    1.000000
           draw more             sympathy    1.000000
         Chuck Greif                    ,    1.000000
       Old Pretender              reached    1.000000
     _ Encyclopædia           Perthensis    1.000000
              , cast                  her    1.000000
         the forlorn                  Old    1.000000
       , cultivating                 arts    1.000000
          douce vote                  for    1.000000
              who in                  New    1.000000
     King George’s                force    1.000000
       watching King           George’s    1.000000
        The Internet              Archive    1.000000
             <e> The                 Fair    0.500000
             <e> The                 wild    0.500000
 near freezing-point                    .    1.000000
            too near       freezing-point    1.000000
              1715 ,             watching    1.000000
            but when                   he    1.000000
             of 1715                    ,    1.000000
           winter of                 1715    1.000000
          the winter                   of    1.000000
            of which                  the    1.000000
        here through                  the    1.000000
              made a                 more    1.000000
            lay here              through    1.000000
        melting army                  lay    1.000000
         gained some                 such    1.000000
    wild Highlandman                    ,    1.000000
        friends with                  the    1.000000
        when Mar’s              melting    1.000000
           affairs ,                 when    1.000000
       while willing                   to    1.000000
            Author :                    A    1.000000
          , watching                 King    1.000000
          Language :              English    1.000000
          made Perth                    a    1.000000
               : The                Heart    1.000000
        Release Date                    :    1.000000
        choice again                 made    1.000000
             Duke of           Cumberland    1.000000
    situation rather                 than    1.000000
             : UTF-8                  <e>    1.000000
         Tory lairds                whose    1.000000
         Accident of            situation    1.000000
         had marched                   on    1.000000
Distributed Proofreading                 Team    1.000000
            a modest                  way    1.000000
        <s> Accident                   of    1.000000
              not go                 with    1.000000
               ; but                 when    1.000000
         November 16                    ,    1.000000
  Philadelphia would                 draw    1.000000
           The Heart                   of    1.000000
              by The             Internet    1.000000
              In the             Georgian    1.000000
          : November                   16    1.000000
        available by                  The    1.000000
              , when              Mar’s    1.000000
      Hope Moncrieff                  <e>    1.000000
          names have                 been    1.000000
   Proofreading Team                   at    1.000000
     generously made            available    1.000000
       produced from               images    1.000000
           <s> Title                    :    1.000000
          again made                Perth    1.000000
     GUTENBERG EBOOK                  THE    1.000000
           This file                  was    1.000000
         rather than                  its    1.000000
         at Stirling                    ;    1.000000
         from images           generously    1.000000
        her printing              presses    1.000000
            file was             produced    1.000000
             <s> The                 Fair    0.500000
             <s> The                 wild    0.500000
http://www.pgdp.net (                 This    1.000000
          hearts did                  not    1.000000
    George’s force                   at    1.000000
            army lay                 here    1.000000
           : English                  <e>    1.000000
                on ,                  the    1.000000
              a more              dashing    1.000000
  Online Distributed         Proofreading    1.000000
          the Online          Distributed    1.000000
            with him                    .    1.000000
         more warmly             received    1.000000
         sympathy or              staring    1.000000
          <e> Prince              Charlie    1.000000
               , MFR                  and    1.000000
             Greif ,                  MFR    1.000000
            HEART OF             SCOTLAND    1.000000
            by Chuck                Greif    1.000000
            cast her                douce    1.000000
       Character set             encoding    1.000000
         <s> Release                 Date    1.000000
        SCOTLAND ***                  <e>    1.000000
         Produced by                Chuck    1.000000
        <s> Language                    :    1.000000
          spirits of                  his    1.000000
         OF SCOTLAND                  ***    1.000000
             Team at  http://www.pgdp.net    1.000000
        THIS PROJECT            GUTENBERG    1.000000
             Title :                  The    1.000000
             age she               gained    1.000000
   images generously                 made    1.000000
             # 53537                    ]    1.000000
             and the              forlorn    0.500000
             and the               Online    0.500000
           *** START                   OF    1.000000
               ; and                  the    1.000000
              Date :             November    1.000000
             <s> ***                START    1.000000
            START OF                 THIS    1.000000
              let it                   be    1.000000
             the Red               Indian    1.000000
          encoding :                UTF-8    1.000000
            Scone in                 time    1.000000
      made available                   by    1.000000
           her douce                 vote    1.000000
             53537 ]                  <e>    1.000000
           centre of              affairs    1.000000
             when he                  had    1.000000
             OF THIS              PROJECT    1.000000
    cultivating arts                  and    1.000000
        Charlie made                    a    1.000000
          she gained                 some    1.000000
         the spirits                   of    1.000000
            The wild          Highlandman    1.000000
                 . R                    .    1.000000
             EBook #                53537    1.000000
       more sympathy                   or    1.000000
              . Hope            Moncrieff    1.000000
             [ EBook                    #    1.000000
          or staring            curiosity    1.000000
              , with                  his    1.000000
        Cumberland ,                   as    1.000000
                 : A                    .    1.000000
               , and             becoming    1.000000
     Mar’s melting                 army    1.000000
               the _        Encyclopædia    1.000000
   Pretender reached                Scone    1.000000
         forlorn Old            Pretender    1.000000
        <s> Produced                   by    1.000000
                 A .                    R    1.000000
          own choice                again    1.000000
    Internet Archive                    )    1.000000
         partisans ,              already    1.000000
            as trade                    ,    1.000000
     as suspiciously                   as    1.000000
           EBOOK THE                HEART    1.000000
          would draw                 more    1.000000
                 R .                 Hope    1.000000
              , 2016                    [    1.000000
            a centre                   of    1.000000
       of Cumberland                    ,    1.000000
            Heart of             Scotland    1.000000
               it be                 seen    1.000000
          <s> Author                    :    1.000000
            arts and              letters    1.000000
           THE HEART                   OF    1.000000
             its own               choice    1.000000
          of affairs                    ,    1.000000
              of his            partisans    1.000000
        of situation               rather    1.000000
         of Scotland                  <e>    1.000000
        was produced                 from    1.000000
