          production                    .    1.000000
                   _                  was    0.500000
                   _        Encyclopædia    0.500000
               which                  the    1.000000
            printing              presses    1.000000
              modest                  way    1.000000
               known                    ,    1.000000
             letters                   as    1.000000
             England                    ,    1.000000
             Norwich                   in    1.000000
          reputation                   as    1.000000
                such           reputation    1.000000
              gained                 some    1.000000
                 she               gained    1.000000
             melting                 army    1.000000
            Georgian                  age    1.000000
             notable           production    1.000000
          prosperity                  and    1.000000
                THIS              PROJECT    1.000000
             staring            curiosity    1.000000
                been             familiar    1.000000
            Stirling                    ;    1.000000
                  at                Perth    0.333333
                  at             Stirling    0.333333
                  at  http://www.pgdp.net    0.333333
               whose                names    1.000000
              lairds                whose    1.000000
                 for           prosperity    0.250000
                 for                trade    0.250000
                 for            centuries    0.250000
                 for                    a    0.250000
             friends                 with    1.000000
               while              willing    1.000000
                vote                  for    1.000000
           curiosity                    .    1.000000
            sympathy                   or    1.000000
                most              notable    1.000000
                draw                 more    1.000000
                keep              friends    1.000000
               would                 draw    1.000000
                City                    ,    1.000000
              winter                   of    1.000000
                 New                 York    1.000000
         cultivating                 arts    1.000000
             America                    ,    1.000000
                Tory               lairds    1.000000
           Pretender              reached    1.000000
              Indian              warrior    1.000000
             uncanny              weapons    1.000000
                days                    ;    1.000000
         Highlandman                    ,    1.000000
                time                   to    1.000000
          settlement                 that    1.000000
                Duke                   of    1.000000
                  go                 with    1.000000
              warmly             received    1.000000
                than                  its    1.000000
                They                 more    1.000000
       Encyclopædia           Perthensis    1.000000
                with                  the    0.333333
                with                  his    0.333333
                with                  him    0.333333
              border                 city    1.000000
                 her             printing    0.333333
                 her                douce    0.333333
                 her                  for    0.333333
                good                  for    1.000000
               Heart                   of    1.000000
              hearts                  did    1.000000
                that                  was    0.500000
                that                their    0.500000
                cast                  her    1.000000
                seen                 that    1.000000
                  or              staring    0.500000
                  or         Philadelphia    0.500000
                 who                   in    1.000000
                  be                 seen    1.000000
                 had              marched    1.000000
                  he                  had    1.000000
                 let                   it    1.000000
              rather                 than    1.000000
                 but                 when    1.000000
                 few                 days    1.000000
                  as                trade    0.166667
                  as              Norwich    0.166667
                  as                 well    0.166667
                  as                  the    0.166667
                  as         suspiciously    0.166667
                  as         representing    0.166667
          appearance                   at    1.000000
                more             sympathy    0.333333
                more               warmly    0.333333
                more              dashing    0.333333
            familiar                   to    1.000000
             Charlie                 made    1.000000
                  In                  the    1.000000
                 <e>                   In    0.200000
                 <e>                  The    0.400000
                 <e>                 They    0.200000
                 <e>               Prince    0.200000
      freezing-point                    .    1.000000
          Cumberland                    ,    1.000000
             warrior                   in    1.000000
                Fair                 City    1.000000
                 too                 near    1.000000
             already                  too    1.000000
                 Red               Indian    1.000000
        Proofreading                 Team    1.000000
           partisans                    ,    1.000000
                   [                EBook    1.000000
                 him                    .    1.000000
                 his      unbusiness-like    0.333333
                 his              uncanny    0.333333
                 his            partisans    0.333333
            progress                    .    1.000000
        suspiciously                   as    1.000000
               chill                  the    1.000000
                  to                  her    0.333333
                  to                 keep    0.333333
                  to                chill    0.333333
          generously                 made    1.000000
                 <s>                   In    0.076923
                 <s>             Accident    0.076923
                 <s>               Prince    0.076923
                 <s>                  ***    0.076923
                 <s>            Character    0.076923
                 <s>                  The    0.153846
                 <s>                 They    0.076923
                 <s>              Release    0.076923
                 <s>               Author    0.076923
                 <s>             Language    0.076923
                 <s>             Produced    0.076923
                 <s>                Title    0.076923
                  in              England    0.200000
                  in                  New    0.200000
                  in                    a    0.400000
                  in                 time    0.200000
              Prince              Charlie    1.000000
                 Old            Pretender    1.000000
               force                   at    1.000000
           centuries                    ,    1.000000
                 its                  own    1.000000
           available                   by    1.000000
               Chuck                Greif    1.000000
          George’s                force    1.000000
                have                 been    1.000000
               again                 made    1.000000
            watching                 King    1.000000
                1715                    ,    1.000000
                 way                    ,    1.000000
           Moncrieff                  <e>    1.000000
                army                  lay    1.000000
            received                  the    1.000000
                  on                   as    0.500000
                  on                    ,    0.500000
             forlorn                  Old    1.000000
                   #                53537    1.000000
             through                  the    1.000000
            encoding                    :    1.000000
             spirits                   of    1.000000
                Team                   at    1.000000
                here               looked    0.500000
                here              through    0.500000
                when                   he    0.500000
                when              Mar’s    0.500000
               douce                 vote    0.500000
               douce             burghers    0.500000
              centre                   of    1.000000
               trade                    ,    0.500000
               trade                    .    0.500000
                  OF             SCOTLAND    0.500000
                  OF                 THIS    0.500000
                   a               border    0.200000
                   a                  few    0.200000
                   a                 more    0.200000
                   a               modest    0.200000
                   a               centre    0.200000
               Perth                  for    0.500000
               Perth                    a    0.500000
             affairs                    ,    1.000000
                   )                  <e>    1.000000
                  it                   be    1.000000
            Accident                   of    1.000000
            Internet              Archive    1.000000
                from               images    1.000000
            produced                 from    1.000000
             weapons                  and    1.000000
        representing                  the    1.000000
             reached                Scone    1.000000
                   (                 This    1.000000
                   ]                  <e>    1.000000
                York                   or    1.000000
                 did                  not    1.000000
                made                    a    0.333333
                made                Perth    0.333333
                made            available    0.333333
                 was                  the    0.250000
                 was                 here    0.250000
                 was                 good    0.250000
                 was             produced    0.250000
               HEART                   OF    1.000000
               START                   OF    1.000000
                   .                  <e>    0.750000
                   .                 Hope    0.125000
                   .                    R    0.125000
               EBook                    #    1.000000
 http://www.pgdp.net                    (    1.000000
             Mar’s              melting    1.000000
             Release                 Date    1.000000
                   ;                  but    0.500000
                   ;                  and    0.500000
                arts                  and    1.000000
         Distributed         Proofreading    1.000000
                2016                    [    1.000000
                 the                    _    0.083333
                 the              forlorn    0.083333
                 the                 Tory    0.083333
                 the              spirits    0.083333
                 the                  Red    0.083333
                 the             Georgian    0.083333
                 the              orderly    0.083333
                 the                douce    0.083333
                 the                 most    0.083333
                 the                 Duke    0.083333
                 the               winter    0.083333
                 the               Online    0.083333
                 MFR                  and    1.000000
                 lay                 here    1.000000
               names                 have    1.000000
          sentiments                    ,    1.000000
            SCOTLAND                  ***    1.000000
                file                  was    1.000000
                wild          Highlandman    1.000000
                near       freezing-point    1.000000
              choice                again    1.000000
                   ,                   of    0.058824
                   ,                   by    0.058824
                   ,                   in    0.058824
                   ,          cultivating    0.058824
                   ,                 cast    0.058824
                   ,                  and    0.058824
                   ,                while    0.058824
                   ,                  who    0.058824
                   ,                  was    0.058824
                   ,                   as    0.058824
                   ,             watching    0.058824
                   ,                 2016    0.058824
                   ,                  MFR    0.058824
                   ,              already    0.058824
                   ,                 with    0.058824
                   ,                 when    0.058824
                   ,                  the    0.058824
                 set             encoding    1.000000
             orderly           settlement    1.000000
                 not                   go    1.000000
            Produced                   by    1.000000
             presses                    ,    1.000000
             Archive                    )    1.000000
              images           generously    1.000000
                 age                  she    1.000000
                 THE                HEART    1.000000
             English                  <e>    1.000000
               EBOOK                  THE    1.000000
                 ***                  <e>    0.500000
                 ***                START    0.500000
                This                 file    1.000000
                some                 such    1.000000
        Philadelphia                would    1.000000
                well                   as    1.000000
              Online          Distributed    1.000000
            Language                    :    1.000000
           situation               rather    1.000000
          Perthensis                    _    1.000000
                  by                  her    0.333333
                  by                  The    0.333333
                  by                Chuck    0.333333
               Greif                    ,    1.000000
            becoming                known    1.000000
               Scone                   in    1.000000
                Hope            Moncrieff    1.000000
              looked                   on    1.000000
                  of                which    0.125000
                  of              America    0.125000
                  of           Cumberland    0.125000
                  of                 1715    0.125000
                  of                  his    0.125000
                  of             Scotland    0.125000
                  of              affairs    0.125000
                  of            situation    0.125000
                   A                    .    1.000000
                city                   of    1.000000
            November                   16    1.000000
     unbusiness-like           sentiments    1.000000
                 own               choice    1.000000
              Author                    :    1.000000
             marched                   on    1.000000
               53537                    ]    1.000000
                 and              letters    0.166667
                 and             becoming    0.166667
                 and             progress    0.166667
                 and                  his    0.166667
                 and                  the    0.333333
             PROJECT            GUTENBERG    1.000000
               UTF-8                  <e>    1.000000
           GUTENBERG                EBOOK    1.000000
                  16                    ,    1.000000
                 The                 Fair    0.250000
                 The             Internet    0.250000
                 The                 wild    0.250000
                 The                Heart    0.250000
                Date                    :    1.000000
                King           George’s    1.000000
            Scotland                  <e>    1.000000
               their               hearts    1.000000
           Character                  set    1.000000
             willing                   to    1.000000
                   :             November    0.200000
                   :              English    0.200000
                   :                    A    0.200000
                   :                UTF-8    0.200000
                   :                  The    0.200000
            burghers                  let    1.000000
                   R                    .    1.000000
             dashing           appearance    1.000000
               Title                    :    1.000000
