          production    0.002967
                   _    0.005935
               which    0.002967
            printing    0.002967
              modest    0.002967
               known    0.002967
             letters    0.002967
             England    0.002967
             Norwich    0.002967
          reputation    0.002967
                such    0.002967
              gained    0.002967
                 she    0.002967
             melting    0.002967
            Georgian    0.002967
             notable    0.002967
          prosperity    0.002967
                THIS    0.002967
             staring    0.002967
                been    0.002967
                  at    0.008902
            Stirling    0.002967
               whose    0.002967
              lairds    0.002967
                 for    0.011869
             friends    0.002967
               while    0.002967
                vote    0.002967
           curiosity    0.002967
            sympathy    0.002967
                most    0.002967
                draw    0.002967
                keep    0.002967
               would    0.002967
                City    0.002967
              winter    0.002967
                 New    0.002967
         cultivating    0.002967
             America    0.002967
                Tory    0.002967
           Pretender    0.002967
              Indian    0.002967
             uncanny    0.002967
                days    0.002967
         Highlandman    0.002967
                time    0.002967
          settlement    0.002967
                Duke    0.002967
                  go    0.002967
              warmly    0.002967
                than    0.002967
                They    0.002967
       Encyclopædia    0.002967
                with    0.008902
              border    0.002967
                 her    0.008902
                good    0.002967
               Heart    0.002967
              hearts    0.002967
                that    0.005935
                cast    0.002967
                seen    0.002967
                  or    0.005935
                 who    0.002967
                  be    0.002967
                 had    0.002967
                  he    0.002967
                 let    0.002967
              rather    0.002967
                 but    0.002967
                 few    0.002967
                  as    0.017804
          appearance    0.002967
                more    0.008902
            familiar    0.002967
             Charlie    0.002967
      freezing-point    0.002967
          Cumberland    0.002967
             warrior    0.002967
                Fair    0.002967
                 too    0.002967
             already    0.002967
                 Red    0.002967
        Proofreading    0.002967
           partisans    0.002967
                   [    0.002967
                 him    0.002967
                 his    0.008902
        suspiciously    0.002967
            progress    0.002967
               chill    0.002967
                  to    0.008902
          generously    0.002967
                 <s>    0.023739
                  in    0.014837
             weapons    0.002967
        representing    0.002967
             reached    0.002967
              Prince    0.002967
                 Old    0.002967
               force    0.002967
           centuries    0.002967
                 its    0.002967
           available    0.002967
               Chuck    0.002967
          George’s    0.002967
                have    0.002967
               again    0.002967
            watching    0.002967
                1715    0.002967
                 way    0.002967
           Moncrieff    0.002967
                army    0.002967
            received    0.002967
                  on    0.005935
             forlorn    0.002967
                   #    0.002967
             through    0.002967
            encoding    0.002967
             spirits    0.002967
                Team    0.002967
                here    0.005935
                when    0.005935
               douce    0.005935
              centre    0.002967
               trade    0.005935
                  OF    0.005935
                   a    0.014837
               Perth    0.005935
             affairs    0.002967
                   )    0.002967
                  it    0.002967
            Accident    0.002967
            Internet    0.002967
                from    0.002967
            produced    0.002967
                   (    0.002967
                   ]    0.002967
                York    0.002967
                 did    0.002967
                made    0.008902
                 was    0.011869
               HEART    0.002967
               START    0.002967
                   .    0.023739
               EBook    0.002967
 http://www.pgdp.net    0.002967
             Mar’s    0.002967
             Release    0.002967
                   ;    0.005935
                arts    0.002967
         Distributed    0.002967
                 MFR    0.002967
                 lay    0.002967
                  In    0.002967
                 <e>    0.038576
               names    0.002967
          sentiments    0.002967
            SCOTLAND    0.002967
                file    0.002967
                wild    0.002967
                near    0.002967
              choice    0.002967
                   ,    0.050445
                 set    0.002967
             orderly    0.002967
                 not    0.002967
            Produced    0.002967
             presses    0.002967
             Archive    0.002967
              images    0.002967
                 age    0.002967
                 THE    0.002967
             English    0.002967
               EBOOK    0.002967
                 ***    0.005935
                This    0.002967
                some    0.002967
        Philadelphia    0.002967
                well    0.002967
              Online    0.002967
            Language    0.002967
             marched    0.002967
               53537    0.002967
           situation    0.002967
          Perthensis    0.002967
                  by    0.008902
               Greif    0.002967
            becoming    0.002967
               Scone    0.002967
                Hope    0.002967
              looked    0.002967
                  of    0.023739
                   A    0.002967
                city    0.002967
            November    0.002967
     unbusiness-like    0.002967
                 own    0.002967
              Author    0.002967
                 the    0.035608
                2016    0.002967
                 and    0.017804
             PROJECT    0.002967
               UTF-8    0.002967
           GUTENBERG    0.002967
                  16    0.002967
                 The    0.011869
                Date    0.002967
                King    0.002967
            Scotland    0.002967
               their    0.002967
           Character    0.002967
             willing    0.002967
                   :    0.014837
            burghers    0.002967
                   R    0.002967
             dashing    0.002967
               Title    0.002967
